{"level":"info","message":"Redis kue connected","timestamp":"2016-11-14T15:25:18.844Z"}
{"level":"info","message":"succesfully mongodb is connected","timestamp":"2016-11-14T15:25:18.865Z"}
{"level":"info","message":"Socket connection established","timestamp":"2016-11-14T15:25:18.900Z"}
{"level":"info","message":"Socket connection established","timestamp":"2016-11-14T15:25:21.549Z"}
{"level":"info","message":"Redis kue connected","timestamp":"2016-11-14T15:27:08.903Z"}
{"level":"info","message":"succesfully mongodb is connected","timestamp":"2016-11-14T15:27:08.924Z"}
{"level":"info","message":"Socket connection established","timestamp":"2016-11-14T15:27:10.785Z"}
{"level":"info","message":"Socket connection established","timestamp":"2016-11-14T15:27:18.369Z"}
{"level":"info","message":"Socket connection established","timestamp":"2016-11-14T15:29:47.237Z"}
{"level":"info","message":"Redis kue connected","timestamp":"2016-11-14T15:29:47.254Z"}
{"level":"info","message":"succesfully mongodb is connected","timestamp":"2016-11-14T15:29:47.279Z"}
{"level":"info","message":"Redis kue connected","timestamp":"2016-11-14T15:33:46.605Z"}
{"level":"info","message":"succesfully mongodb is connected","timestamp":"2016-11-14T15:33:46.622Z"}
{"level":"info","message":"Socket connection established","timestamp":"2016-11-14T15:33:46.652Z"}
{"level":"info","message":"Redis kue connected","timestamp":"2016-11-14T15:35:54.870Z"}
{"level":"info","message":"succesfully mongodb is connected","timestamp":"2016-11-14T15:35:54.887Z"}
{"level":"info","message":"Socket connection established","timestamp":"2016-11-14T15:35:56.075Z"}
{"level":"info","message":"Redis kue connected","timestamp":"2016-11-14T15:37:05.865Z"}
{"level":"info","message":"succesfully mongodb is connected","timestamp":"2016-11-14T15:37:05.884Z"}
{"level":"info","message":"Socket connection established","timestamp":"2016-11-14T15:37:07.723Z"}
{"level":"error","message":"Sorry redis server turned off. Retrying to connect","timestamp":"2016-11-15T13:38:25.367Z"}
{"level":"info","message":"Redis kue disconnected","timestamp":"2016-11-15T13:38:25.372Z"}
{"level":"error","message":"Sorry mongodb is not connected","timestamp":"2016-11-15T13:38:25.390Z"}
{"level":"info","message":"Redis kue connected","timestamp":"2016-11-15T13:39:25.787Z"}
{"level":"info","message":"succesfully mongodb is connected","timestamp":"2016-11-15T13:39:25.841Z"}
{"level":"info","message":"Redis kue connected","timestamp":"2016-11-15T13:40:25.416Z"}
{"level":"info","message":"succesfully mongodb is connected","timestamp":"2016-11-15T13:40:25.483Z"}
{"level":"info","message":"Redis kue connected","timestamp":"2016-11-15T13:50:25.294Z"}
{"level":"info","message":"succesfully mongodb is connected","timestamp":"2016-11-15T13:50:25.347Z"}
{"level":"info","message":"Redis kue connected","timestamp":"2016-11-15T13:52:36.271Z"}
{"level":"info","message":"succesfully mongodb is connected","timestamp":"2016-11-15T13:52:36.333Z"}
{"level":"info","message":"Redis kue connected","timestamp":"2016-11-15T13:53:17.310Z"}
{"level":"info","message":"succesfully mongodb is connected","timestamp":"2016-11-15T13:53:17.363Z"}
{"level":"info","message":"Redis kue connected","timestamp":"2016-11-15T14:03:28.130Z"}
{"level":"info","message":"succesfully mongodb is connected","timestamp":"2016-11-15T14:03:28.186Z"}
{"level":"info","message":"Redis kue connected","timestamp":"2016-11-15T15:29:20.025Z"}
{"level":"info","message":"succesfully mongodb is connected","timestamp":"2016-11-15T15:29:22.528Z"}
{"level":"info","message":"Redis kue connected","timestamp":"2016-11-15T17:17:42.453Z"}
{"level":"info","message":"succesfully mongodb is connected","timestamp":"2016-11-15T17:17:42.515Z"}
{"level":"error","message":"Sorry redis server turned off. Retrying to connect","timestamp":"2016-11-29T13:49:50.147Z"}
{"level":"info","message":"Redis kue disconnected","timestamp":"2016-11-29T13:49:50.155Z"}
{"level":"error","message":"Sorry mongodb is not connected","timestamp":"2016-11-29T13:49:50.170Z"}
{"level":"error","message":"Sorry redis server turned off. Retrying to connect","timestamp":"2016-11-29T13:49:51.362Z"}
{"level":"error","message":"Sorry redis server turned off. Retrying to connect","timestamp":"2016-11-29T13:49:52.704Z"}
{"level":"error","message":"Sorry redis server turned off. Retrying to connect","timestamp":"2016-11-29T13:49:54.294Z"}
{"level":"error","message":"Sorry redis server turned off. Retrying to connect","timestamp":"2016-11-29T13:49:56.283Z"}
{"level":"error","message":"Sorry redis server turned off. Retrying to connect","timestamp":"2016-11-29T13:49:58.957Z"}
{"level":"error","message":"Sorry redis server turned off. Retrying to connect","timestamp":"2016-11-29T13:50:02.800Z"}
{"level":"error","message":"Sorry redis server turned off. Retrying to connect","timestamp":"2016-11-29T13:50:08.632Z"}
{"level":"error","message":"Sorry redis server turned off. Retrying to connect","timestamp":"2016-11-29T13:50:17.846Z"}
{"level":"error","message":"Sorry redis server turned off. Retrying to connect","timestamp":"2016-11-29T13:50:32.808Z"}
{"level":"error","message":"Sorry redis server turned off. Retrying to connect","timestamp":"2016-11-29T13:50:57.542Z"}
{"level":"error","message":"Sorry redis server turned off. Retrying to connect","timestamp":"2016-11-29T13:51:38.890Z"}
{"level":"error","message":"Sorry redis server turned off. Retrying to connect","timestamp":"2016-11-29T13:52:48.475Z"}
{"level":"error","message":"Sorry redis server turned off. Retrying to connect","timestamp":"2016-11-29T13:54:46.065Z"}
{"level":"error","message":"Sorry redis server turned off. Retrying to connect","timestamp":"2016-11-29T13:58:05.266Z"}
{"level":"error","message":"Sorry redis server turned off. Retrying to connect","timestamp":"2016-11-29T14:03:43.363Z"}
{"level":"error","message":"Sorry redis server turned off. Retrying to connect","timestamp":"2016-11-29T14:13:17.149Z"}
{"level":"info","message":"succesfully mongodb is connected","timestamp":"2016-11-29T14:16:43.367Z"}
{"level":"error","message":"Sorry redis server turned off. Retrying to connect","timestamp":"2016-11-29T14:16:44.320Z"}
{"level":"info","message":"Redis kue disconnected","timestamp":"2016-11-29T14:16:44.322Z"}
{"level":"error","message":"Sorry redis server turned off. Retrying to connect","timestamp":"2016-11-29T14:16:45.529Z"}
{"level":"error","message":"Sorry redis server turned off. Retrying to connect","timestamp":"2016-11-29T14:16:46.878Z"}
{"level":"error","message":"Sorry redis server turned off. Retrying to connect","timestamp":"2016-11-29T14:16:48.458Z"}
{"level":"error","message":"Sorry redis server turned off. Retrying to connect","timestamp":"2016-11-29T14:16:50.443Z"}
{"level":"error","message":"Sorry redis server turned off. Retrying to connect","timestamp":"2016-11-29T14:16:53.117Z"}
{"level":"error","message":"Sorry redis server turned off. Retrying to connect","timestamp":"2016-11-29T14:16:56.960Z"}
{"level":"error","message":"Sorry redis server turned off. Retrying to connect","timestamp":"2016-11-29T14:17:02.796Z"}
{"level":"info","message":"Redis kue connected","timestamp":"2016-11-29T14:17:11.010Z"}
{"level":"info","message":"Redis kue connected","timestamp":"2016-11-29T14:17:16.902Z"}
{"level":"info","message":"succesfully mongodb is connected","timestamp":"2016-11-29T14:17:16.954Z"}
{"level":"info","message":"Socket connection established","timestamp":"2016-11-29T14:18:11.257Z"}
{"level":"info","message":"Socket connection established","timestamp":"2016-11-29T14:18:36.294Z"}
{"level":"info","message":"Socket connection established","timestamp":"2016-11-29T15:08:08.019Z"}
{"level":"info","message":"Socket connection established","timestamp":"2016-11-29T15:17:35.683Z"}
{"level":"info","message":"Redis kue connected","timestamp":"2016-11-29T15:32:08.696Z"}
{"level":"info","message":"succesfully mongodb is connected","timestamp":"2016-11-29T15:32:08.747Z"}
{"level":"info","message":"Socket connection established","timestamp":"2016-11-29T15:32:10.715Z"}
{"level":"info","message":"Socket connection established","timestamp":"2016-11-29T15:32:10.730Z"}
{"level":"info","message":"Socket connection established","timestamp":"2016-11-29T15:52:37.051Z"}
{"level":"info","message":"Socket connection established","timestamp":"2016-11-29T15:52:37.060Z"}
{"level":"info","message":"Socket connection established","timestamp":"2016-11-29T16:50:33.297Z"}
{"level":"info","message":"Socket connection established","timestamp":"2016-11-29T16:50:33.302Z"}
{"level":"info","message":"Redis kue connected","timestamp":"2016-11-30T12:03:48.946Z"}
{"level":"info","message":"succesfully mongodb is connected","timestamp":"2016-11-30T12:03:49.015Z"}
{"level":"info","message":"Redis kue connected","timestamp":"2016-11-30T13:05:21.863Z"}
{"level":"info","message":"succesfully mongodb is connected","timestamp":"2016-11-30T13:05:21.915Z"}
{"level":"info","message":"Redis kue connected","timestamp":"2016-11-30T13:08:18.142Z"}
{"level":"info","message":"succesfully mongodb is connected","timestamp":"2016-11-30T13:08:18.195Z"}
{"level":"info","message":"Socket connection established","timestamp":"2016-11-30T13:08:43.815Z"}
{"level":"info","message":"Socket connection established","timestamp":"2016-11-30T13:08:59.999Z"}
{"level":"info","message":"Socket connection established","timestamp":"2016-11-30T13:43:57.542Z"}
{"level":"info","message":"Socket connection established","timestamp":"2016-11-30T13:52:38.533Z"}
{"level":"info","message":"Socket connection established","timestamp":"2016-11-30T13:52:50.088Z"}
{"level":"info","message":"Socket connection established","timestamp":"2016-11-30T13:57:43.203Z"}
{"level":"info","message":"Socket connection established","timestamp":"2016-11-30T15:02:06.030Z"}
{"level":"info","message":"Socket connection established","timestamp":"2016-11-30T15:12:00.876Z"}
{"level":"info","message":"Redis kue connected","timestamp":"2016-12-01T12:30:19.271Z"}
{"level":"info","message":"succesfully mongodb is connected","timestamp":"2016-12-01T12:30:19.321Z"}
{"level":"info","message":"Socket connection established","timestamp":"2016-12-01T12:35:44.172Z"}
{"level":"info","message":"Socket connection established","timestamp":"2016-12-01T12:45:51.547Z"}
{"level":"info","message":"Socket connection established","timestamp":"2016-12-01T12:47:52.768Z"}
{"level":"info","message":"Socket connection established","timestamp":"2016-12-01T12:55:43.451Z"}
{"level":"info","message":"Socket connection established","timestamp":"2016-12-01T12:56:50.799Z"}
{"level":"info","message":"Socket connection established","timestamp":"2016-12-01T13:10:05.275Z"}
{"level":"info","message":"Redis kue connected","timestamp":"2016-12-01T14:14:18.256Z"}
{"level":"info","message":"succesfully mongodb is connected","timestamp":"2016-12-01T14:14:18.311Z"}
{"level":"info","message":"Redis kue connected","timestamp":"2016-12-01T15:04:36.238Z"}
{"level":"info","message":"succesfully mongodb is connected","timestamp":"2016-12-01T15:04:36.282Z"}
{"level":"info","message":"Redis kue connected","timestamp":"2016-12-02T10:00:19.657Z"}
{"level":"info","message":"succesfully mongodb is connected","timestamp":"2016-12-02T10:00:19.713Z"}
{"level":"info","message":"Socket connection established","timestamp":"2016-12-02T10:58:30.466Z"}
{"level":"info","message":"Redis kue connected","timestamp":"2016-12-02T11:06:26.284Z"}
{"level":"info","message":"succesfully mongodb is connected","timestamp":"2016-12-02T11:06:26.342Z"}
{"level":"info","message":"Socket connection established","timestamp":"2016-12-02T13:20:44.823Z"}
{"level":"info","message":"Socket connection established","timestamp":"2016-12-02T14:35:00.191Z"}
{"level":"info","message":"Socket connection established","timestamp":"2016-12-02T16:45:47.062Z"}
{"level":"info","message":"Redis kue connected","timestamp":"2016-12-05T09:33:39.970Z"}
{"level":"info","message":"succesfully mongodb is connected","timestamp":"2016-12-05T09:33:40.062Z"}
{"level":"info","message":"Socket connection established","timestamp":"2016-12-05T10:16:54.214Z"}
{"level":"info","message":"Socket connection established","timestamp":"2016-12-05T10:17:52.972Z"}
{"level":"info","message":"Redis kue connected","timestamp":"2016-12-05T12:16:01.015Z"}
{"level":"info","message":"succesfully mongodb is connected","timestamp":"2016-12-05T12:16:01.068Z"}
{"level":"info","message":"Redis kue connected","timestamp":"2016-12-06T10:09:22.758Z"}
{"level":"info","message":"succesfully mongodb is connected","timestamp":"2016-12-06T10:09:22.799Z"}
{"level":"info","message":"Socket connection established","timestamp":"2016-12-06T10:10:14.081Z"}
{"level":"info","message":"Redis kue connected","timestamp":"2016-12-06T12:40:48.482Z"}
{"level":"info","message":"succesfully mongodb is connected","timestamp":"2016-12-06T12:40:48.526Z"}
{"level":"info","message":"Socket connection established","timestamp":"2016-12-06T14:35:43.791Z"}
{"level":"info","message":"Redis kue connected","timestamp":"2016-12-08T12:50:54.809Z"}
{"level":"info","message":"succesfully mongodb is connected","timestamp":"2016-12-08T12:50:54.867Z"}
{"level":"info","message":"Socket connection established","timestamp":"2016-12-08T12:52:28.923Z"}
{"level":"info","message":"Redis kue connected","timestamp":"2016-12-08T13:02:14.556Z"}
{"level":"info","message":"succesfully mongodb is connected","timestamp":"2016-12-08T13:02:14.621Z"}
{"level":"error","message":"Sorry redis server turned off. Retrying to connect","timestamp":"2016-12-08T18:52:58.754Z"}
{"level":"info","message":"Redis kue connected","timestamp":"2016-12-20T13:43:46.234Z"}
{"level":"info","message":"succesfully mongodb is connected","timestamp":"2016-12-20T13:43:46.277Z"}
{"level":"info","message":"Redis kue connected","timestamp":"2016-12-20T13:51:10.131Z"}
{"level":"info","message":"succesfully mongodb is connected","timestamp":"2016-12-20T13:51:10.173Z"}
{"level":"info","message":"Redis kue connected","timestamp":"2016-12-20T16:50:54.243Z"}
{"level":"info","message":"succesfully mongodb is connected","timestamp":"2016-12-20T16:50:54.440Z"}
{"level":"info","message":"Redis kue connected","timestamp":"2016-12-20T17:28:26.545Z"}
{"level":"info","message":"succesfully mongodb is connected","timestamp":"2016-12-20T17:28:26.597Z"}
{"level":"error","message":"Sorry mongodb is not connected","timestamp":"2016-12-20T18:30:38.354Z"}
{"level":"error","message":"Sorry redis server turned off. Retrying to connect","timestamp":"2016-12-20T18:30:38.361Z"}
{"level":"info","message":"Redis kue disconnected","timestamp":"2016-12-20T18:30:38.363Z"}
{"level":"error","message":"Sorry redis server turned off. Retrying to connect","timestamp":"2016-12-20T18:30:39.566Z"}
{"level":"error","message":"Sorry redis server turned off. Retrying to connect","timestamp":"2016-12-20T18:30:40.910Z"}
{"level":"error","message":"Sorry redis server turned off. Retrying to connect","timestamp":"2016-12-20T18:30:42.490Z"}
{"level":"error","message":"Sorry redis server turned off. Retrying to connect","timestamp":"2016-12-20T18:30:44.476Z"}
{"level":"error","message":"Sorry redis server turned off. Retrying to connect","timestamp":"2016-12-20T18:30:47.148Z"}
{"level":"info","message":"Redis kue connected","timestamp":"2016-12-20T19:10:10.605Z"}
{"level":"info","message":"succesfully mongodb is connected","timestamp":"2016-12-20T19:10:10.667Z"}
{"level":"info","message":"Redis kue connected","timestamp":"2016-12-21T14:32:57.771Z"}
{"level":"info","message":"succesfully mongodb is connected","timestamp":"2016-12-21T14:32:58.063Z"}
{"level":"info","message":"Socket connection established","timestamp":"2016-12-21T16:50:00.087Z"}
{"level":"info","message":"Socket connection established","timestamp":"2016-12-21T19:58:11.116Z"}
{"level":"info","message":"Socket connection established","timestamp":"2016-12-21T19:58:34.500Z"}
{"level":"info","message":"Socket connection established","timestamp":"2016-12-21T20:03:45.805Z"}
{"level":"info","message":"Socket connection established","timestamp":"2016-12-21T20:04:36.021Z"}
{"level":"info","message":"Socket connection established","timestamp":"2016-12-21T20:13:31.556Z"}
{"level":"info","message":"Socket connection established","timestamp":"2016-12-21T20:13:54.451Z"}
{"level":"info","message":"Socket connection established","timestamp":"2016-12-21T20:14:47.859Z"}
{"level":"info","message":"Socket connection established","timestamp":"2016-12-21T20:15:40.414Z"}
{"level":"info","message":"Socket connection established","timestamp":"2016-12-21T20:37:58.350Z"}
{"level":"info","message":"Socket connection established","timestamp":"2016-12-21T20:39:02.557Z"}
{"level":"info","message":"Socket connection established","timestamp":"2016-12-21T20:40:20.373Z"}
{"level":"info","message":"Socket connection established","timestamp":"2016-12-21T20:55:39.104Z"}
{"level":"info","message":"Socket connection established","timestamp":"2016-12-21T20:56:06.828Z"}
{"level":"info","message":"Socket connection established","timestamp":"2016-12-21T21:16:02.047Z"}
{"level":"info","message":"Socket connection established","timestamp":"2016-12-21T21:21:26.064Z"}
{"level":"info","message":"Socket connection established","timestamp":"2016-12-21T21:21:35.901Z"}
{"level":"info","message":"Socket connection established","timestamp":"2016-12-21T21:24:45.308Z"}
{"level":"info","message":"Redis kue connected","timestamp":"2016-12-21T21:25:20.753Z"}
{"level":"info","message":"succesfully mongodb is connected","timestamp":"2016-12-21T21:25:20.837Z"}
{"level":"info","message":"Socket connection established","timestamp":"2016-12-21T21:25:44.328Z"}
{"level":"info","message":"Redis kue connected","timestamp":"2016-12-22T09:29:41.578Z"}
{"level":"info","message":"succesfully mongodb is connected","timestamp":"2016-12-22T09:29:41.624Z"}
{"level":"info","message":"Socket connection established","timestamp":"2016-12-22T09:31:08.071Z"}
{"level":"info","message":"Socket connection established","timestamp":"2016-12-22T09:32:32.116Z"}
{"level":"info","message":"Socket connection established","timestamp":"2016-12-22T09:33:17.837Z"}
{"level":"info","message":"Socket connection established","timestamp":"2016-12-22T09:34:04.273Z"}
{"level":"info","message":"Socket connection established","timestamp":"2016-12-22T09:34:38.579Z"}
{"level":"info","message":"Socket connection established","timestamp":"2016-12-22T09:42:09.755Z"}
{"level":"info","message":"Socket connection established","timestamp":"2016-12-22T10:03:19.924Z"}
{"level":"info","message":"Socket connection established","timestamp":"2016-12-22T10:05:28.009Z"}
{"level":"info","message":"Socket connection established","timestamp":"2016-12-22T10:06:40.172Z"}
{"level":"info","message":"Socket connection established","timestamp":"2016-12-22T10:08:32.975Z"}
{"level":"info","message":"Socket connection established","timestamp":"2016-12-22T10:11:04.035Z"}
{"level":"info","message":"Redis kue connected","timestamp":"2016-12-22T11:10:13.180Z"}
{"level":"info","message":"succesfully mongodb is connected","timestamp":"2016-12-22T11:10:13.232Z"}
{"level":"info","message":"Socket connection established","timestamp":"2016-12-22T11:10:13.305Z"}
{"level":"info","message":"Socket connection established","timestamp":"2016-12-22T11:33:20.385Z"}
{"level":"info","message":"Socket connection established","timestamp":"2016-12-22T12:11:04.237Z"}
{"level":"info","message":"Socket connection established","timestamp":"2016-12-22T12:36:08.398Z"}
{"level":"info","message":"Socket connection established","timestamp":"2016-12-22T13:07:47.914Z"}
{"level":"info","message":"Redis kue connected","timestamp":"2016-12-22T18:06:00.942Z"}
{"level":"info","message":"succesfully mongodb is connected","timestamp":"2016-12-22T18:06:01.044Z"}
{"level":"info","message":"Socket connection established","timestamp":"2016-12-22T18:06:03.779Z"}
{"level":"info","message":"Redis kue connected","timestamp":"2017-01-03T12:25:47.493Z"}
{"level":"info","message":"succesfully mongodb is connected","timestamp":"2017-01-03T12:25:47.546Z"}
{"level":"info","message":"Socket connection established","timestamp":"2017-01-03T13:24:05.839Z"}
{"level":"info","message":"Redis kue connected","timestamp":"2017-01-03T14:03:15.076Z"}
{"level":"info","message":"succesfully mongodb is connected","timestamp":"2017-01-03T14:03:15.128Z"}
{"level":"info","message":"Socket connection established","timestamp":"2017-01-03T14:03:15.204Z"}
{"level":"info","message":"Redis kue connected","timestamp":"2017-01-04T09:32:46.647Z"}
{"level":"info","message":"succesfully mongodb is connected","timestamp":"2017-01-04T09:32:46.708Z"}
{"level":"info","message":"Redis kue connected","timestamp":"2017-01-04T10:44:11.483Z"}
{"level":"info","message":"succesfully mongodb is connected","timestamp":"2017-01-04T10:44:11.525Z"}
{"level":"info","message":"Socket connection established","timestamp":"2017-01-04T10:47:54.594Z"}
{"level":"info","message":"Socket connection established","timestamp":"2017-01-04T10:50:12.281Z"}
{"level":"info","message":"Socket connection established","timestamp":"2017-01-04T10:52:23.355Z"}
{"level":"info","message":"Socket connection established","timestamp":"2017-01-04T11:08:39.867Z"}
{"level":"info","message":"Socket connection established","timestamp":"2017-01-04T11:10:28.994Z"}
{"level":"info","message":"Socket connection established","timestamp":"2017-01-04T11:12:57.902Z"}
{"level":"info","message":"Redis kue connected","timestamp":"2017-01-09T11:08:34.856Z"}
{"level":"info","message":"succesfully mongodb is connected","timestamp":"2017-01-09T11:08:34.911Z"}
{"level":"info","message":"Redis kue connected","timestamp":"2017-01-09T11:10:09.064Z"}
{"level":"info","message":"succesfully mongodb is connected","timestamp":"2017-01-09T11:10:09.119Z"}
{"level":"info","message":"Redis kue connected","timestamp":"2017-01-09T11:10:36.294Z"}
{"level":"info","message":"succesfully mongodb is connected","timestamp":"2017-01-09T11:10:36.362Z"}
{"level":"info","message":"Redis kue connected","timestamp":"2017-01-09T11:11:18.803Z"}
{"level":"info","message":"succesfully mongodb is connected","timestamp":"2017-01-09T11:11:18.854Z"}
{"level":"info","message":"Redis kue connected","timestamp":"2017-01-09T11:11:41.496Z"}
{"level":"info","message":"succesfully mongodb is connected","timestamp":"2017-01-09T11:11:41.546Z"}
{"level":"info","message":"Redis kue connected","timestamp":"2017-01-09T11:35:41.555Z"}
{"level":"info","message":"succesfully mongodb is connected","timestamp":"2017-01-09T11:35:41.606Z"}
{"level":"info","message":"Redis kue connected","timestamp":"2017-01-09T17:26:15.064Z"}
{"level":"info","message":"succesfully mongodb is connected","timestamp":"2017-01-09T17:26:15.144Z"}
{"level":"info","message":"Redis kue connected","timestamp":"2017-01-09T17:29:17.428Z"}
{"level":"info","message":"succesfully mongodb is connected","timestamp":"2017-01-09T17:29:17.486Z"}
{"level":"error","message":"Sorry redis server turned off. Retrying to connect","timestamp":"2017-01-09T17:53:13.564Z"}
{"level":"info","message":"Redis kue connected","timestamp":"2017-01-10T08:59:57.306Z"}
{"level":"info","message":"succesfully mongodb is connected","timestamp":"2017-01-10T08:59:57.355Z"}
{"level":"error","message":"Sorry redis server turned off. Retrying to connect","timestamp":"2017-01-10T17:56:07.812Z"}
